<?xml version="1.0" encoding="UTF-8"?>
<testng-results ignored="0" total="1" passed="1" failed="0" skipped="0">
  <reporter-output>
  </reporter-output>
  <suite started-at="2025-07-25T23:32:50 IST" name="Default suite" finished-at="2025-07-25T23:33:25 IST" duration-ms="35264">
    <groups>
    </groups>
    <test started-at="2025-07-25T23:32:50 IST" name="Default test" finished-at="2025-07-25T23:33:25 IST" duration-ms="35264">
      <class name="tests.LoginTest">
        <test-method is-config="true" signature="setupTest()[pri:0, instance:tests.LoginTest@9d5509a]" started-at="2025-07-25T23:32:50 IST" name="setupTest" finished-at="2025-07-25T23:32:58 IST" duration-ms="8405" status="PASS">
          <reporter-output>
          </reporter-output>
        </test-method> <!-- setupTest -->
        <test-method signature="loginWithValidCredentials()[pri:0, instance:tests.LoginTest@9d5509a]" started-at="2025-07-25T23:32:58 IST" name="loginWithValidCredentials" finished-at="2025-07-25T23:33:06 IST" duration-ms="7300" status="PASS">
          <reporter-output>
          </reporter-output>
        </test-method> <!-- loginWithValidCredentials -->
        <test-method is-config="true" signature="teardownTest()[pri:0, instance:tests.LoginTest@9d5509a]" started-at="2025-07-25T23:33:06 IST" name="teardownTest" finished-at="2025-07-25T23:33:25 IST" duration-ms="19503" status="PASS">
          <reporter-output>
          </reporter-output>
        </test-method> <!-- teardownTest -->
      </class> <!-- tests.LoginTest -->
    </test> <!-- Default test -->
  </suite> <!-- Default suite -->
</testng-results>
